Build started 7/28/2014 11:08:11 AM.
     1>Project "C:\Users\Andrei\Desktop\General\Game - Concurs\GameV2\GameV2.vcxproj" on node 2 (Build target(s)).
     1>ClCompile:
         C:\Program Files (x86)\Microsoft Visual Studio 12.0\VC\bin\CL.exe /c /I"C:\Users\Andrei\Desktop\General\Game - Concurs\\include" /I"C:\Users\Andrei\Desktop\General\Game - Concurs\\glm\glm" /I"C:\Users\Andrei\Desktop\General\Game - Concurs\\glm\glm\gtc" /ZI /nologo /W3 /WX- /sdl /Od /Oy- /D _MBCS /Gm /EHsc /RTC1 /MDd /GS /fp:precise /Zc:wchar_t /Zc:forScope /Fo"Debug\\" /Fd"Debug\vc120.pdb" /Gd /TP /analyze- /errorReport:prompt Source.cpp
         Source.cpp
     1>c:\users\andrei\desktop\general\game - concurs\gamev2\source.cpp(44): warning C4305: '+=' : truncation from 'double' to 'float'
     1>c:\users\andrei\desktop\general\game - concurs\gamev2\source.cpp(45): warning C4305: '+=' : truncation from 'double' to 'float'
     1>c:\users\andrei\desktop\general\game - concurs\gamev2\source.cpp(55): warning C4305: '-=' : truncation from 'double' to 'float'
     1>c:\users\andrei\desktop\general\game - concurs\gamev2\source.cpp(56): warning C4305: '-=' : truncation from 'double' to 'float'
     1>c:\users\andrei\desktop\general\game - concurs\gamev2\source.cpp(213): warning C4244: 'argument' : conversion from 'time_t' to 'unsigned int', possible loss of data
     1>c:\users\andrei\desktop\general\game - concurs\gamev2\source.cpp(216): warning C4244: 'initializing' : conversion from 'double' to 'float', possible loss of data
     1>c:\users\andrei\desktop\general\game - concurs\gamev2\source.cpp(220): warning C4244: 'initializing' : conversion from 'double' to 'float', possible loss of data
     1>c:\users\andrei\desktop\general\game - concurs\gamev2\source.cpp(279): warning C4244: '=' : conversion from 'double' to 'float', possible loss of data
     1>c:\users\andrei\desktop\general\game - concurs\gamev2\source.cpp(284): warning C4244: '=' : conversion from 'double' to 'float', possible loss of data
       Link:
         C:\Program Files (x86)\Microsoft Visual Studio 12.0\VC\bin\link.exe /ERRORREPORT:PROMPT /OUT:"C:\Users\Andrei\Desktop\General\Game - Concurs\Debug\GameV2.exe" /INCREMENTAL /NOLOGO /LIBPATH:"C:\Users\Andrei\Desktop\General\Game - Concurs\\lib" glew32.lib glfw3dll.lib opengl32.lib kernel32.lib user32.lib gdi32.lib winspool.lib comdlg32.lib advapi32.lib shell32.lib ole32.lib oleaut32.lib uuid.lib odbc32.lib odbccp32.lib /MANIFEST /MANIFESTUAC:"level='asInvoker' uiAccess='false'" /manifest:embed /DEBUG /PDB:"C:\Users\Andrei\Desktop\General\Game - Concurs\Debug\GameV2.pdb" /TLBID:1 /DYNAMICBASE /NXCOMPAT /IMPLIB:"C:\Users\Andrei\Desktop\General\Game - Concurs\Debug\GameV2.lib" /MACHINE:X86 Debug\Source.obj
         GameV2.vcxproj -> C:\Users\Andrei\Desktop\General\Game - Concurs\Debug\GameV2.exe
     1>Done Building Project "C:\Users\Andrei\Desktop\General\Game - Concurs\GameV2\GameV2.vcxproj" (Build target(s)).

Build succeeded.

Time Elapsed 00:00:00.71
